<?xml version="1.0" encoding="UTF-8"?>
<!-- Generated by org.testng.reporters.JUnitReportReporter -->
<testsuite hostname="Matmati-Ines" failures="0" tests="1" name="com.todos.tests.AddTodosTest" time="5.163" errors="0" timestamp="2025-04-04T20:46:24 CEST" skipped="0">
  <testcase classname="com.todos.tests.AddTodosTest" name="iAddToDo" time="5.163"/>
  <system-out/>
</testsuite> <!-- com.todos.tests.AddTodosTest -->
